This file contains any messages produced by compilers while
running configure, to aid debugging if configure makes a mistake.

It was created by photoprint configure 0.4.2-pre2, which was
generated by GNU Autoconf 2.71.  Invocation command line was

  $ ./configure

## --------- ##
## Platform. ##
## --------- ##

hostname = channel-System-Product-Name
uname -m = x86_64
uname -r = 6.17.0-14-generic
uname -s = Linux
uname -v = #14~24.04.1-Ubuntu SMP PREEMPT_DYNAMIC Thu Jan 15 15:52:10 UTC 2

/usr/bin/uname -p = x86_64
/bin/uname -X     = unknown

/bin/arch              = x86_64
/usr/bin/arch -k       = unknown
/usr/convex/getsysinfo = unknown
/usr/bin/hostinfo      = unknown
/bin/machine           = unknown
/usr/bin/oslevel       = unknown
/bin/universe          = unknown

PATH: /home/channel/.nvm/versions/node/v20.20.0/bin/
PATH: /home/channel/flutter/bin/
PATH: /home/channel/.cargo/bin/
PATH: /home/channel/.local/bin/
PATH: /home/channel/flutter/bin/
PATH: /usr/local/sbin/
PATH: /usr/local/bin/
PATH: /usr/sbin/
PATH: /usr/bin/
PATH: /sbin/
PATH: /bin/
PATH: /usr/games/
PATH: /usr/local/games/
PATH: /snap/bin/
PATH: /snap/bin/


## ----------- ##
## Core tests. ##
## ----------- ##

configure:2936: looking for aux files: ltmain.sh config.guess config.sub compile config.rpath missing install-sh
configure:2949:  trying ./scripts/
configure:2978:   ./scripts/ltmain.sh found
configure:2978:   ./scripts/config.guess found
configure:2978:   ./scripts/config.sub found
configure:2978:   ./scripts/compile found
configure:2978:   ./scripts/config.rpath found
configure:2978:   ./scripts/missing found
configure:2960:   ./scripts/install-sh found
configure:3111: checking for a BSD-compatible install
configure:3184: result: /usr/bin/install -c
configure:3195: checking whether build environment is sane
configure:3250: result: yes
configure:3409: checking for a race-free mkdir -p
configure:3453: result: /usr/bin/mkdir -p
configure:3460: checking for gawk
configure:3481: found /usr/bin/gawk
configure:3492: result: gawk
configure:3503: checking whether make sets $(MAKE)
configure:3526: result: yes
configure:3556: checking whether make supports nested variables
configure:3574: result: yes
configure:3712: checking for a sed that does not truncate output
configure:3782: result: /usr/bin/sed
configure:3788: checking whether NLS is requested
configure:3798: result: yes
configure:3838: checking for msgfmt
configure: trying /usr/bin/msgfmt...
0 translated messages.
configure:3871: result: /usr/bin/msgfmt
configure:3880: checking for gmsgfmt
configure:3916: result: /usr/bin/msgfmt
configure:3961: checking for xgettext
configure: trying /usr/bin/xgettext...
/usr/bin/xgettext: warning: file '/dev/null' extension '' is unknown; will try C
configure:3994: result: /usr/bin/xgettext
configure:4039: checking for msgmerge
configure: trying /usr/bin/msgmerge...
configure:4071: result: /usr/bin/msgmerge
configure:4125: checking whether make supports the include directive
configure:4140: make -f confmf.GNU && cat confinc.out
this is the am__doit target
configure:4143: $? = 0
configure:4162: result: yes (GNU style)
configure:4238: checking for gcc
configure:4259: found /usr/bin/gcc
configure:4270: result: gcc
configure:4623: checking for C compiler version
configure:4632: gcc --version >&5
gcc (Ubuntu 13.3.0-6ubuntu2~24.04.1) 13.3.0
Copyright (C) 2023 Free Software Foundation, Inc.
This is free software; see the source for copying conditions.  There is NO
warranty; not even for MERCHANTABILITY or FITNESS FOR A PARTICULAR PURPOSE.

configure:4643: $? = 0
configure:4632: gcc -v >&5
Using built-in specs.
COLLECT_GCC=gcc
COLLECT_LTO_WRAPPER=/usr/libexec/gcc/x86_64-linux-gnu/13/lto-wrapper
OFFLOAD_TARGET_NAMES=nvptx-none:amdgcn-amdhsa
OFFLOAD_TARGET_DEFAULT=1
Target: x86_64-linux-gnu
Configured with: ../src/configure -v --with-pkgversion='Ubuntu 13.3.0-6ubuntu2~24.04.1' --with-bugurl=file:///usr/share/doc/gcc-13/README.Bugs --enable-languages=c,ada,c++,go,d,fortran,objc,obj-c++,m2 --prefix=/usr --with-gcc-major-version-only --program-suffix=-13 --program-prefix=x86_64-linux-gnu- --enable-shared --enable-linker-build-id --libexecdir=/usr/libexec --without-included-gettext --enable-threads=posix --libdir=/usr/lib --enable-nls --enable-bootstrap --enable-clocale=gnu --enable-libstdcxx-debug --enable-libstdcxx-time=yes --with-default-libstdcxx-abi=new --enable-libstdcxx-backtrace --enable-gnu-unique-object --disable-vtable-verify --enable-plugin --enable-default-pie --with-system-zlib --enable-libphobos-checking=release --with-target-system-zlib=auto --enable-objc-gc=auto --enable-multiarch --disable-werror --enable-cet --with-arch-32=i686 --with-abi=m64 --with-multilib-list=m32,m64,mx32 --enable-multilib --with-tune=generic --enable-offload-targets=nvptx-none=/build/gcc-13-EldibY/gcc-13-13.3.0/debian/tmp-nvptx/usr,amdgcn-amdhsa=/build/gcc-13-EldibY/gcc-13-13.3.0/debian/tmp-gcn/usr --enable-offload-defaulted --without-cuda-driver --enable-checking=release --build=x86_64-linux-gnu --host=x86_64-linux-gnu --target=x86_64-linux-gnu --with-build-config=bootstrap-lto-lean --enable-link-serialization=2
Thread model: posix
Supported LTO compression algorithms: zlib zstd
gcc version 13.3.0 (Ubuntu 13.3.0-6ubuntu2~24.04.1) 
... rest of stderr output deleted ...
configure:4643: $? = 0
configure:4632: gcc -V >&5
gcc: error: unrecognized command-line option '-V'
gcc: fatal error: no input files
compilation terminated.
configure:4643: $? = 1
configure:4632: gcc -qversion >&5
gcc: error: unrecognized command-line option '-qversion'; did you mean '--version'?
gcc: fatal error: no input files
compilation terminated.
configure:4643: $? = 1
configure:4632: gcc -version >&5
gcc: error: unrecognized command-line option '-version'
gcc: fatal error: no input files
compilation terminated.
configure:4643: $? = 1
configure:4663: checking whether the C compiler works
configure:4685: gcc    conftest.c  >&5
configure:4689: $? = 0
configure:4739: result: yes
configure:4742: checking for C compiler default output file name
configure:4744: result: a.out
configure:4750: checking for suffix of executables
configure:4757: gcc -o conftest    conftest.c  >&5
configure:4761: $? = 0
configure:4784: result: 
configure:4806: checking whether we are cross compiling
configure:4814: gcc -o conftest    conftest.c  >&5
configure:4818: $? = 0
configure:4825: ./conftest
configure:4829: $? = 0
configure:4844: result: no
configure:4849: checking for suffix of object files
configure:4872: gcc -c   conftest.c >&5
configure:4876: $? = 0
configure:4898: result: o
configure:4902: checking whether the compiler supports GNU C
configure:4922: gcc -c   conftest.c >&5
configure:4922: $? = 0
configure:4932: result: yes
configure:4943: checking whether gcc accepts -g
configure:4964: gcc -c -g  conftest.c >&5
configure:4964: $? = 0
configure:5008: result: yes
configure:5028: checking for gcc option to enable C11 features
configure:5043: gcc  -c -g -O2  conftest.c >&5
configure:5043: $? = 0
configure:5061: result: none needed
configure:5177: checking whether gcc understands -c and -o together
configure:5200: gcc -c conftest.c -o conftest2.o
configure:5203: $? = 0
configure:5200: gcc -c conftest.c -o conftest2.o
configure:5203: $? = 0
configure:5215: result: yes
configure:5234: checking dependency style of gcc
configure:5346: result: gcc3
configure:5367: checking build system type
configure:5382: result: x86_64-pc-linux-gnu
configure:5402: checking host system type
configure:5416: result: x86_64-pc-linux-gnu
configure:5464: checking for ld used by gcc
configure:5592: result: /usr/bin/ld
configure:5599: checking if the linker (/usr/bin/ld) is GNU ld
configure:5615: result: yes
configure:5623: checking for shared library run path origin
configure:5637: result: done
configure:5659: checking 32-bit host C ABI
configure:5726: gcc -c -g -O2  conftest.c >&5
configure:5726: $? = 0
configure:5922: result: no
configure:5932: checking how to run the C preprocessor
configure:5958: gcc -E  conftest.c
configure:5958: $? = 0
configure:5973: gcc -E  conftest.c
conftest.c:11:10: fatal error: ac_nonexistent.h: No such file or directory
   11 | #include <ac_nonexistent.h>
      |          ^~~~~~~~~~~~~~~~~~
compilation terminated.
configure:5973: $? = 1
configure: failed program was:
| /* confdefs.h */
| #define PACKAGE_NAME "photoprint"
| #define PACKAGE_TARNAME "photoprint"
| #define PACKAGE_VERSION "0.4.2-pre2"
| #define PACKAGE_STRING "photoprint 0.4.2-pre2"
| #define PACKAGE_BUGREPORT "blackfive@fakenhamweb.co.uk"
| #define PACKAGE_URL ""
| #define PACKAGE "photoprint"
| #define VERSION "0.4.2-pre2"
| /* end confdefs.h.  */
| #include <ac_nonexistent.h>
configure:6000: result: gcc -E
configure:6014: gcc -E  conftest.c
configure:6014: $? = 0
configure:6029: gcc -E  conftest.c
conftest.c:11:10: fatal error: ac_nonexistent.h: No such file or directory
   11 | #include <ac_nonexistent.h>
      |          ^~~~~~~~~~~~~~~~~~
compilation terminated.
configure:6029: $? = 1
configure: failed program was:
| /* confdefs.h */
| #define PACKAGE_NAME "photoprint"
| #define PACKAGE_TARNAME "photoprint"
| #define PACKAGE_VERSION "0.4.2-pre2"
| #define PACKAGE_STRING "photoprint 0.4.2-pre2"
| #define PACKAGE_BUGREPORT "blackfive@fakenhamweb.co.uk"
| #define PACKAGE_URL ""
| #define PACKAGE "photoprint"
| #define VERSION "0.4.2-pre2"
| /* end confdefs.h.  */
| #include <ac_nonexistent.h>
configure:6060: checking for grep that handles long lines and -e
configure:6124: result: /usr/bin/grep
configure:6129: checking for egrep
configure:6197: result: /usr/bin/grep -E
configure:6206: checking for ELF binary format
configure:6230: result: yes
configure:6279: checking for the common suffixes of directories in the library search path
configure:6348: result: lib,lib,lib64
configure:6866: checking for CFPreferencesCopyAppValue
configure:6885: gcc -o conftest -g -O2   conftest.c  -Wl,-framework -Wl,CoreFoundation >&5
conftest.c:11:10: fatal error: CoreFoundation/CFPreferences.h: No such file or directory
   11 | #include <CoreFoundation/CFPreferences.h>
      |          ^~~~~~~~~~~~~~~~~~~~~~~~~~~~~~~~
compilation terminated.
configure:6885: $? = 1
configure: failed program was:
| /* confdefs.h */
| #define PACKAGE_NAME "photoprint"
| #define PACKAGE_TARNAME "photoprint"
| #define PACKAGE_VERSION "0.4.2-pre2"
| #define PACKAGE_STRING "photoprint 0.4.2-pre2"
| #define PACKAGE_BUGREPORT "blackfive@fakenhamweb.co.uk"
| #define PACKAGE_URL ""
| #define PACKAGE "photoprint"
| #define VERSION "0.4.2-pre2"
| /* end confdefs.h.  */
| #include <CoreFoundation/CFPreferences.h>
| int
| main (void)
| {
| CFPreferencesCopyAppValue(NULL, NULL)
|   ;
|   return 0;
| }
configure:6895: result: no
configure:6902: checking for CFLocaleCopyPreferredLanguages
configure:6921: gcc -o conftest -g -O2   conftest.c  -Wl,-framework -Wl,CoreFoundation >&5
conftest.c:11:10: fatal error: CoreFoundation/CFLocale.h: No such file or directory
   11 | #include <CoreFoundation/CFLocale.h>
      |          ^~~~~~~~~~~~~~~~~~~~~~~~~~~
compilation terminated.
configure:6921: $? = 1
configure: failed program was:
| /* confdefs.h */
| #define PACKAGE_NAME "photoprint"
| #define PACKAGE_TARNAME "photoprint"
| #define PACKAGE_VERSION "0.4.2-pre2"
| #define PACKAGE_STRING "photoprint 0.4.2-pre2"
| #define PACKAGE_BUGREPORT "blackfive@fakenhamweb.co.uk"
| #define PACKAGE_URL ""
| #define PACKAGE "photoprint"
| #define VERSION "0.4.2-pre2"
| /* end confdefs.h.  */
| #include <CoreFoundation/CFLocale.h>
| int
| main (void)
| {
| CFLocaleCopyPreferredLanguages();
|   ;
|   return 0;
| }
configure:6931: result: no
configure:6981: checking for GNU gettext in libc
configure:7011: gcc -o conftest -g -O2   conftest.c  >&5
configure:7011: $? = 0
configure:7021: result: yes
configure:7912: checking whether to use NLS
configure:7914: result: yes
configure:7917: checking where the gettext function comes from
configure:7928: result: libc
configure:8034: checking how to print strings
configure:8061: result: printf
configure:8082: checking for a sed that does not truncate output
configure:8152: result: /usr/bin/sed
configure:8170: checking for fgrep
configure:8238: result: /usr/bin/grep -F
configure:8274: checking for ld used by gcc
configure:8342: result: /usr/bin/ld
configure:8349: checking if the linker (/usr/bin/ld) is GNU ld
configure:8365: result: yes
configure:8377: checking for BSD- or MS-compatible name lister (nm)
configure:8432: result: /usr/bin/nm -B
configure:8572: checking the name lister (/usr/bin/nm -B) interface
configure:8580: gcc -c -g -O2  conftest.c >&5
configure:8583: /usr/bin/nm -B "conftest.o"
configure:8586: output
0000000000000000 B some_variable
configure:8593: result: BSD nm
configure:8596: checking whether ln -s works
configure:8600: result: yes
configure:8608: checking the maximum length of command line arguments
configure:8740: result: 1572864
configure:8788: checking how to convert x86_64-pc-linux-gnu file names to x86_64-pc-linux-gnu format
configure:8829: result: func_convert_file_noop
configure:8836: checking how to convert x86_64-pc-linux-gnu file names to toolchain format
configure:8857: result: func_convert_file_noop
configure:8864: checking for /usr/bin/ld option to reload object files
configure:8872: result: -r
configure:8951: checking for file
configure:8972: found /usr/bin/file
configure:8983: result: file
configure:9059: checking for objdump
configure:9080: found /usr/bin/objdump
configure:9091: result: objdump
configure:9123: checking how to recognize dependent libraries
configure:9324: result: pass_all
configure:9414: checking for dlltool
configure:9449: result: no
configure:9479: checking how to associate runtime and link libraries
configure:9507: result: printf %s\n
configure:9572: checking for ar
configure:9593: found /usr/bin/ar
configure:9604: result: ar
configure:9657: checking for archiver @FILE support
configure:9675: gcc -c -g -O2  conftest.c >&5
configure:9675: $? = 0
configure:9679: ar cr libconftest.a @conftest.lst >&5
configure:9682: $? = 0
configure:9687: ar cr libconftest.a @conftest.lst >&5
ar: conftest.o: No such file or directory
configure:9690: $? = 1
configure:9702: result: @
configure:9765: checking for strip
configure:9786: found /usr/bin/strip
configure:9797: result: strip
configure:9874: checking for ranlib
configure:9895: found /usr/bin/ranlib
configure:9906: result: ranlib
configure:10008: checking command to parse /usr/bin/nm -B output from gcc object
configure:10162: gcc -c -g -O2  conftest.c >&5
configure:10165: $? = 0
configure:10169: /usr/bin/nm -B conftest.o | /usr/bin/sed -n -e 's/^.*[	 ]\([ABCDGIRSTW][ABCDGIRSTW]*\)[	 ][	 ]*\([_A-Za-z][_A-Za-z0-9]*\)$/\1 \2 \2/p' | /usr/bin/sed '/ __gnu_lto/d' > conftest.nm
configure:10235: gcc -o conftest -g -O2   conftest.c conftstm.o >&5
configure:10238: $? = 0
configure:10276: result: ok
configure:10323: checking for sysroot
configure:10354: result: no
configure:10361: checking for a working dd
configure:10405: result: /usr/bin/dd
configure:10409: checking how to truncate binary pipes
configure:10425: result: /usr/bin/dd bs=4096 count=1
configure:10562: gcc -c -g -O2  conftest.c >&5
configure:10565: $? = 0
configure:10762: checking for mt
configure:10783: found /usr/bin/mt
configure:10794: result: mt
configure:10817: checking if mt is a manifest tool
configure:10824: mt '-?'
configure:10832: result: no
configure:11557: checking for stdio.h
configure:11557: gcc -c -g -O2  conftest.c >&5
configure:11557: $? = 0
configure:11557: result: yes
configure:11557: checking for stdlib.h
configure:11557: gcc -c -g -O2  conftest.c >&5
configure:11557: $? = 0
configure:11557: result: yes
configure:11557: checking for string.h
configure:11557: gcc -c -g -O2  conftest.c >&5
configure:11557: $? = 0
configure:11557: result: yes
configure:11557: checking for inttypes.h
configure:11557: gcc -c -g -O2  conftest.c >&5
configure:11557: $? = 0
configure:11557: result: yes
configure:11557: checking for stdint.h
configure:11557: gcc -c -g -O2  conftest.c >&5
configure:11557: $? = 0
configure:11557: result: yes
configure:11557: checking for strings.h
configure:11557: gcc -c -g -O2  conftest.c >&5
configure:11557: $? = 0
configure:11557: result: yes
configure:11557: checking for sys/stat.h
configure:11557: gcc -c -g -O2  conftest.c >&5
configure:11557: $? = 0
configure:11557: result: yes
configure:11557: checking for sys/types.h
configure:11557: gcc -c -g -O2  conftest.c >&5
configure:11557: $? = 0
configure:11557: result: yes
configure:11557: checking for unistd.h
configure:11557: gcc -c -g -O2  conftest.c >&5
configure:11557: $? = 0
configure:11557: result: yes
configure:11582: checking for dlfcn.h
configure:11582: gcc -c -g -O2  conftest.c >&5
configure:11582: $? = 0
configure:11582: result: yes
configure:11841: checking for objdir
configure:11857: result: .libs
configure:12121: checking if gcc supports -fno-rtti -fno-exceptions
configure:12140: gcc -c -g -O2  -fno-rtti -fno-exceptions conftest.c >&5
cc1: warning: command-line option '-fno-rtti' is valid for C++/D/ObjC++ but not for C
configure:12144: $? = 0
configure:12157: result: no
configure:12521: checking for gcc option to produce PIC
configure:12529: result: -fPIC -DPIC
configure:12537: checking if gcc PIC flag -fPIC -DPIC works
configure:12556: gcc -c -g -O2  -fPIC -DPIC -DPIC conftest.c >&5
configure:12560: $? = 0
configure:12573: result: yes
configure:12602: checking if gcc static flag -static works
configure:12631: result: yes
configure:12646: checking if gcc supports -c -o file.o
configure:12668: gcc -c -g -O2  -o out/conftest2.o conftest.c >&5
configure:12672: $? = 0
configure:12694: result: yes
configure:12702: checking if gcc supports -c -o file.o
configure:12750: result: yes
configure:12783: checking whether the gcc linker (/usr/bin/ld -m elf_x86_64) supports shared libraries
configure:14057: result: yes
configure:14094: checking whether -lc should be explicitly linked in
configure:14103: gcc -c -g -O2  conftest.c >&5
configure:14106: $? = 0
configure:14121: gcc -shared  -fPIC -DPIC conftest.o  -v -Wl,-soname -Wl,conftest -o conftest 2\>\&1 \| /usr/bin/grep  -lc  \>/dev/null 2\>\&1
configure:14124: $? = 0
configure:14138: result: no
configure:14298: checking dynamic linker characteristics
configure:14880: gcc -o conftest -g -O2   -Wl,-rpath -Wl,/foo conftest.c  >&5
configure:14880: $? = 0
configure:15131: result: GNU/Linux ld.so
configure:15253: checking how to hardcode library paths into programs
configure:15278: result: immediate
configure:15830: checking whether stripping libraries is possible
configure:15839: result: yes
configure:15881: checking if libtool supports shared libraries
configure:15883: result: yes
configure:15886: checking whether to build shared libraries
configure:15911: result: yes
configure:15914: checking whether to build static libraries
configure:15918: result: yes
configure:16024: checking for g++
configure:16045: found /usr/bin/g++
configure:16056: result: g++
configure:16083: checking for C++ compiler version
configure:16092: g++ --version >&5
g++ (Ubuntu 13.3.0-6ubuntu2~24.04.1) 13.3.0
Copyright (C) 2023 Free Software Foundation, Inc.
This is free software; see the source for copying conditions.  There is NO
warranty; not even for MERCHANTABILITY or FITNESS FOR A PARTICULAR PURPOSE.

configure:16103: $? = 0
configure:16092: g++ -v >&5
Using built-in specs.
COLLECT_GCC=g++
COLLECT_LTO_WRAPPER=/usr/libexec/gcc/x86_64-linux-gnu/13/lto-wrapper
OFFLOAD_TARGET_NAMES=nvptx-none:amdgcn-amdhsa
OFFLOAD_TARGET_DEFAULT=1
Target: x86_64-linux-gnu
Configured with: ../src/configure -v --with-pkgversion='Ubuntu 13.3.0-6ubuntu2~24.04.1' --with-bugurl=file:///usr/share/doc/gcc-13/README.Bugs --enable-languages=c,ada,c++,go,d,fortran,objc,obj-c++,m2 --prefix=/usr --with-gcc-major-version-only --program-suffix=-13 --program-prefix=x86_64-linux-gnu- --enable-shared --enable-linker-build-id --libexecdir=/usr/libexec --without-included-gettext --enable-threads=posix --libdir=/usr/lib --enable-nls --enable-bootstrap --enable-clocale=gnu --enable-libstdcxx-debug --enable-libstdcxx-time=yes --with-default-libstdcxx-abi=new --enable-libstdcxx-backtrace --enable-gnu-unique-object --disable-vtable-verify --enable-plugin --enable-default-pie --with-system-zlib --enable-libphobos-checking=release --with-target-system-zlib=auto --enable-objc-gc=auto --enable-multiarch --disable-werror --enable-cet --with-arch-32=i686 --with-abi=m64 --with-multilib-list=m32,m64,mx32 --enable-multilib --with-tune=generic --enable-offload-targets=nvptx-none=/build/gcc-13-EldibY/gcc-13-13.3.0/debian/tmp-nvptx/usr,amdgcn-amdhsa=/build/gcc-13-EldibY/gcc-13-13.3.0/debian/tmp-gcn/usr --enable-offload-defaulted --without-cuda-driver --enable-checking=release --build=x86_64-linux-gnu --host=x86_64-linux-gnu --target=x86_64-linux-gnu --with-build-config=bootstrap-lto-lean --enable-link-serialization=2
Thread model: posix
Supported LTO compression algorithms: zlib zstd
gcc version 13.3.0 (Ubuntu 13.3.0-6ubuntu2~24.04.1) 
... rest of stderr output deleted ...
configure:16103: $? = 0
configure:16092: g++ -V >&5
g++: error: unrecognized command-line option '-V'
g++: fatal error: no input files
compilation terminated.
configure:16103: $? = 1
configure:16092: g++ -qversion >&5
g++: error: unrecognized command-line option '-qversion'; did you mean '--version'?
g++: fatal error: no input files
compilation terminated.
configure:16103: $? = 1
configure:16107: checking whether the compiler supports GNU C++
configure:16127: g++ -c   conftest.cpp >&5
configure:16127: $? = 0
configure:16137: result: yes
configure:16148: checking whether g++ accepts -g
configure:16169: g++ -c -g  conftest.cpp >&5
configure:16169: $? = 0
configure:16213: result: yes
configure:16233: checking for g++ option to enable C++11 features
configure:16248: g++  -c -g -O2  conftest.cpp >&5
conftest.cpp: In function 'int main(int, char**)':
conftest.cpp:192:25: warning: empty parentheses were disambiguated as a function declaration [-Wvexing-parse]
  192 |   cxx11test::delegate d2();
      |                         ^~
conftest.cpp:192:25: note: remove parentheses to default-initialize a variable
  192 |   cxx11test::delegate d2();
      |                         ^~
      |                         --
conftest.cpp:192:25: note: or replace parentheses with braces to value-initialize a variable
configure:16248: $? = 0
configure:16266: result: none needed
configure:16332: checking dependency style of g++
configure:16444: result: gcc3
configure:16477: checking how to run the C++ preprocessor
configure:16499: g++ -E  conftest.cpp
configure:16499: $? = 0
configure:16514: g++ -E  conftest.cpp
conftest.cpp:26:10: fatal error: ac_nonexistent.h: No such file or directory
   26 | #include <ac_nonexistent.h>
      |          ^~~~~~~~~~~~~~~~~~
compilation terminated.
configure:16514: $? = 1
configure: failed program was:
| /* confdefs.h */
| #define PACKAGE_NAME "photoprint"
| #define PACKAGE_TARNAME "photoprint"
| #define PACKAGE_VERSION "0.4.2-pre2"
| #define PACKAGE_STRING "photoprint 0.4.2-pre2"
| #define PACKAGE_BUGREPORT "blackfive@fakenhamweb.co.uk"
| #define PACKAGE_URL ""
| #define PACKAGE "photoprint"
| #define VERSION "0.4.2-pre2"
| #define ENABLE_NLS 1
| #define HAVE_GETTEXT 1
| #define HAVE_DCGETTEXT 1
| #define HAVE_STDIO_H 1
| #define HAVE_STDLIB_H 1
| #define HAVE_STRING_H 1
| #define HAVE_INTTYPES_H 1
| #define HAVE_STDINT_H 1
| #define HAVE_STRINGS_H 1
| #define HAVE_SYS_STAT_H 1
| #define HAVE_SYS_TYPES_H 1
| #define HAVE_UNISTD_H 1
| #define STDC_HEADERS 1
| #define HAVE_DLFCN_H 1
| #define LT_OBJDIR ".libs/"
| /* end confdefs.h.  */
| #include <ac_nonexistent.h>
configure:16541: result: g++ -E
configure:16555: g++ -E  conftest.cpp
configure:16555: $? = 0
configure:16570: g++ -E  conftest.cpp
conftest.cpp:26:10: fatal error: ac_nonexistent.h: No such file or directory
   26 | #include <ac_nonexistent.h>
      |          ^~~~~~~~~~~~~~~~~~
compilation terminated.
configure:16570: $? = 1
configure: failed program was:
| /* confdefs.h */
| #define PACKAGE_NAME "photoprint"
| #define PACKAGE_TARNAME "photoprint"
| #define PACKAGE_VERSION "0.4.2-pre2"
| #define PACKAGE_STRING "photoprint 0.4.2-pre2"
| #define PACKAGE_BUGREPORT "blackfive@fakenhamweb.co.uk"
| #define PACKAGE_URL ""
| #define PACKAGE "photoprint"
| #define VERSION "0.4.2-pre2"
| #define ENABLE_NLS 1
| #define HAVE_GETTEXT 1
| #define HAVE_DCGETTEXT 1
| #define HAVE_STDIO_H 1
| #define HAVE_STDLIB_H 1
| #define HAVE_STRING_H 1
| #define HAVE_INTTYPES_H 1
| #define HAVE_STDINT_H 1
| #define HAVE_STRINGS_H 1
| #define HAVE_SYS_STAT_H 1
| #define HAVE_SYS_TYPES_H 1
| #define HAVE_UNISTD_H 1
| #define STDC_HEADERS 1
| #define HAVE_DLFCN_H 1
| #define LT_OBJDIR ".libs/"
| /* end confdefs.h.  */
| #include <ac_nonexistent.h>
configure:16735: checking for ld used by g++
configure:16803: result: /usr/bin/ld -m elf_x86_64
configure:16810: checking if the linker (/usr/bin/ld -m elf_x86_64) is GNU ld
configure:16826: result: yes
configure:16881: checking whether the g++ linker (/usr/bin/ld -m elf_x86_64) supports shared libraries
configure:17959: result: yes
configure:17995: g++ -c -g -O2  conftest.cpp >&5
configure:17998: $? = 0
configure:18479: checking for g++ option to produce PIC
configure:18487: result: -fPIC -DPIC
configure:18495: checking if g++ PIC flag -fPIC -DPIC works
configure:18514: g++ -c -g -O2  -fPIC -DPIC -DPIC conftest.cpp >&5
configure:18518: $? = 0
configure:18531: result: yes
configure:18554: checking if g++ static flag -static works
configure:18583: result: yes
configure:18595: checking if g++ supports -c -o file.o
configure:18617: g++ -c -g -O2  -o out/conftest2.o conftest.cpp >&5
configure:18621: $? = 0
configure:18643: result: yes
configure:18648: checking if g++ supports -c -o file.o
configure:18696: result: yes
configure:18726: checking whether the g++ linker (/usr/bin/ld -m elf_x86_64) supports shared libraries
configure:18769: result: yes
configure:18911: checking dynamic linker characteristics
configure:19671: result: GNU/Linux ld.so
configure:19736: checking how to hardcode library paths into programs
configure:19761: result: immediate
configure:19854: checking for gcc
configure:19886: result: gcc
configure:20239: checking for C compiler version
configure:20248: gcc --version >&5
gcc (Ubuntu 13.3.0-6ubuntu2~24.04.1) 13.3.0
Copyright (C) 2023 Free Software Foundation, Inc.
This is free software; see the source for copying conditions.  There is NO
warranty; not even for MERCHANTABILITY or FITNESS FOR A PARTICULAR PURPOSE.

configure:20259: $? = 0
configure:20248: gcc -v >&5
Using built-in specs.
COLLECT_GCC=gcc
COLLECT_LTO_WRAPPER=/usr/libexec/gcc/x86_64-linux-gnu/13/lto-wrapper
OFFLOAD_TARGET_NAMES=nvptx-none:amdgcn-amdhsa
OFFLOAD_TARGET_DEFAULT=1
Target: x86_64-linux-gnu
Configured with: ../src/configure -v --with-pkgversion='Ubuntu 13.3.0-6ubuntu2~24.04.1' --with-bugurl=file:///usr/share/doc/gcc-13/README.Bugs --enable-languages=c,ada,c++,go,d,fortran,objc,obj-c++,m2 --prefix=/usr --with-gcc-major-version-only --program-suffix=-13 --program-prefix=x86_64-linux-gnu- --enable-shared --enable-linker-build-id --libexecdir=/usr/libexec --without-included-gettext --enable-threads=posix --libdir=/usr/lib --enable-nls --enable-bootstrap --enable-clocale=gnu --enable-libstdcxx-debug --enable-libstdcxx-time=yes --with-default-libstdcxx-abi=new --enable-libstdcxx-backtrace --enable-gnu-unique-object --disable-vtable-verify --enable-plugin --enable-default-pie --with-system-zlib --enable-libphobos-checking=release --with-target-system-zlib=auto --enable-objc-gc=auto --enable-multiarch --disable-werror --enable-cet --with-arch-32=i686 --with-abi=m64 --with-multilib-list=m32,m64,mx32 --enable-multilib --with-tune=generic --enable-offload-targets=nvptx-none=/build/gcc-13-EldibY/gcc-13-13.3.0/debian/tmp-nvptx/usr,amdgcn-amdhsa=/build/gcc-13-EldibY/gcc-13-13.3.0/debian/tmp-gcn/usr --enable-offload-defaulted --without-cuda-driver --enable-checking=release --build=x86_64-linux-gnu --host=x86_64-linux-gnu --target=x86_64-linux-gnu --with-build-config=bootstrap-lto-lean --enable-link-serialization=2
Thread model: posix
Supported LTO compression algorithms: zlib zstd
gcc version 13.3.0 (Ubuntu 13.3.0-6ubuntu2~24.04.1) 
... rest of stderr output deleted ...
configure:20259: $? = 0
configure:20248: gcc -V >&5
gcc: error: unrecognized command-line option '-V'
gcc: fatal error: no input files
compilation terminated.
configure:20259: $? = 1
configure:20248: gcc -qversion >&5
gcc: error: unrecognized command-line option '-qversion'; did you mean '--version'?
gcc: fatal error: no input files
compilation terminated.
configure:20259: $? = 1
configure:20248: gcc -version >&5
gcc: error: unrecognized command-line option '-version'
gcc: fatal error: no input files
compilation terminated.
configure:20259: $? = 1
configure:20263: checking whether the compiler supports GNU C
configure:20293: result: yes
configure:20304: checking whether gcc accepts -g
configure:20369: result: yes
configure:20389: checking for gcc option to enable C11 features
configure:20422: result: none needed
configure:20538: checking whether gcc understands -c and -o together
configure:20576: result: yes
configure:20595: checking dependency style of gcc
configure:20707: result: gcc3
configure:20722: checking whether make sets $(MAKE)
configure:20745: result: yes
configure:20759: checking how to run the C preprocessor
configure:20827: result: gcc -E
configure:20841: gcc -E  conftest.c
configure:20841: $? = 0
configure:20856: gcc -E  conftest.c
conftest.c:26:10: fatal error: ac_nonexistent.h: No such file or directory
   26 | #include <ac_nonexistent.h>
      |          ^~~~~~~~~~~~~~~~~~
compilation terminated.
configure:20856: $? = 1
configure: failed program was:
| /* confdefs.h */
| #define PACKAGE_NAME "photoprint"
| #define PACKAGE_TARNAME "photoprint"
| #define PACKAGE_VERSION "0.4.2-pre2"
| #define PACKAGE_STRING "photoprint 0.4.2-pre2"
| #define PACKAGE_BUGREPORT "blackfive@fakenhamweb.co.uk"
| #define PACKAGE_URL ""
| #define PACKAGE "photoprint"
| #define VERSION "0.4.2-pre2"
| #define ENABLE_NLS 1
| #define HAVE_GETTEXT 1
| #define HAVE_DCGETTEXT 1
| #define HAVE_STDIO_H 1
| #define HAVE_STDLIB_H 1
| #define HAVE_STRING_H 1
| #define HAVE_INTTYPES_H 1
| #define HAVE_STDINT_H 1
| #define HAVE_STRINGS_H 1
| #define HAVE_SYS_STAT_H 1
| #define HAVE_SYS_TYPES_H 1
| #define HAVE_UNISTD_H 1
| #define STDC_HEADERS 1
| #define HAVE_DLFCN_H 1
| #define LT_OBJDIR ".libs/"
| /* end confdefs.h.  */
| #include <ac_nonexistent.h>
configure:20952: checking for pkg-config
configure:20975: found /usr/bin/pkg-config
configure:20987: result: /usr/bin/pkg-config
configure:21012: checking pkg-config is at least version 0.9.0
configure:21015: result: yes
configure:21025: checking for glib-2.0
configure:21032: $PKG_CONFIG --exists --print-errors "glib-2.0"
configure:21035: $? = 0
configure:21049: $PKG_CONFIG --exists --print-errors "glib-2.0"
configure:21052: $? = 0
configure:21110: result: yes
configure:21116: checking for gthread-2.0
configure:21123: $PKG_CONFIG --exists --print-errors "gthread-2.0"
configure:21126: $? = 0
configure:21140: $PKG_CONFIG --exists --print-errors "gthread-2.0"
configure:21143: $? = 0
configure:21201: result: yes
configure:21207: checking for gtk+-2.0
configure:21214: $PKG_CONFIG --exists --print-errors "gtk+-2.0"
configure:21217: $? = 0
configure:21231: $PKG_CONFIG --exists --print-errors "gtk+-2.0"
configure:21234: $? = 0
configure:21292: result: yes
configure:21298: checking for gdk-pixbuf-2.0
configure:21305: $PKG_CONFIG --exists --print-errors "gdk-pixbuf-2.0"
configure:21308: $? = 0
configure:21322: $PKG_CONFIG --exists --print-errors "gdk-pixbuf-2.0"
configure:21325: $? = 0
configure:21383: result: yes
configure:21389: checking for gutenprint
configure:21396: $PKG_CONFIG --exists --print-errors "gutenprint"
configure:21399: $? = 0
configure:21413: $PKG_CONFIG --exists --print-errors "gutenprint"
configure:21416: $? = 0
configure:21474: result: yes
configure:21480: checking for lcms2
configure:21487: $PKG_CONFIG --exists --print-errors "lcms2"
configure:21490: $? = 0
configure:21504: $PKG_CONFIG --exists --print-errors "lcms2"
configure:21507: $? = 0
configure:21565: result: yes
configure:21569: checking for pow in -lm
configure:21592: gcc -o conftest -g -O2   conftest.c -lm   >&5
conftest.c:30:6: warning: conflicting types for built-in function 'pow'; expected 'double(double,  double)' [-Wbuiltin-declaration-mismatch]
   30 | char pow ();
      |      ^~~
conftest.c:1:1: note: 'pow' is declared in header '<math.h>'
    1 | /* confdefs.h */
configure:21592: $? = 0
configure:21602: result: yes
configure:21610: checking for pnm_readpaminit in -lpnm
configure:21633: gcc -o conftest -g -O2   conftest.c -lpnm -lm  >&5
/usr/bin/ld: cannot find -lpnm: No such file or directory
collect2: error: ld returned 1 exit status
configure:21633: $? = 1
configure: failed program was:
| /* confdefs.h */
| #define PACKAGE_NAME "photoprint"
| #define PACKAGE_TARNAME "photoprint"
| #define PACKAGE_VERSION "0.4.2-pre2"
| #define PACKAGE_STRING "photoprint 0.4.2-pre2"
| #define PACKAGE_BUGREPORT "blackfive@fakenhamweb.co.uk"
| #define PACKAGE_URL ""
| #define PACKAGE "photoprint"
| #define VERSION "0.4.2-pre2"
| #define ENABLE_NLS 1
| #define HAVE_GETTEXT 1
| #define HAVE_DCGETTEXT 1
| #define HAVE_STDIO_H 1
| #define HAVE_STDLIB_H 1
| #define HAVE_STRING_H 1
| #define HAVE_INTTYPES_H 1
| #define HAVE_STDINT_H 1
| #define HAVE_STRINGS_H 1
| #define HAVE_SYS_STAT_H 1
| #define HAVE_SYS_TYPES_H 1
| #define HAVE_UNISTD_H 1
| #define STDC_HEADERS 1
| #define HAVE_DLFCN_H 1
| #define LT_OBJDIR ".libs/"
| /* end confdefs.h.  */
| 
| /* Override any GCC internal prototype to avoid an error.
|    Use char because int might match the return type of a GCC
|    builtin and then its argument prototype would still apply.  */
| char pnm_readpaminit ();
| int
| main (void)
| {
| return pnm_readpaminit ();
|   ;
|   return 0;
| }
configure:21643: result: no
configure:21653: checking for pnm_readpaminit in -lnetpbm
configure:21676: gcc -o conftest -g -O2   conftest.c -lnetpbm -lm  >&5
/usr/bin/ld: cannot find -lnetpbm: No such file or directory
collect2: error: ld returned 1 exit status
configure:21676: $? = 1
configure: failed program was:
| /* confdefs.h */
| #define PACKAGE_NAME "photoprint"
| #define PACKAGE_TARNAME "photoprint"
| #define PACKAGE_VERSION "0.4.2-pre2"
| #define PACKAGE_STRING "photoprint 0.4.2-pre2"
| #define PACKAGE_BUGREPORT "blackfive@fakenhamweb.co.uk"
| #define PACKAGE_URL ""
| #define PACKAGE "photoprint"
| #define VERSION "0.4.2-pre2"
| #define ENABLE_NLS 1
| #define HAVE_GETTEXT 1
| #define HAVE_DCGETTEXT 1
| #define HAVE_STDIO_H 1
| #define HAVE_STDLIB_H 1
| #define HAVE_STRING_H 1
| #define HAVE_INTTYPES_H 1
| #define HAVE_STDINT_H 1
| #define HAVE_STRINGS_H 1
| #define HAVE_SYS_STAT_H 1
| #define HAVE_SYS_TYPES_H 1
| #define HAVE_UNISTD_H 1
| #define STDC_HEADERS 1
| #define HAVE_DLFCN_H 1
| #define LT_OBJDIR ".libs/"
| /* end confdefs.h.  */
| 
| /* Override any GCC internal prototype to avoid an error.
|    Use char because int might match the return type of a GCC
|    builtin and then its argument prototype would still apply.  */
| char pnm_readpaminit ();
| int
| main (void)
| {
| return pnm_readpaminit ();
|   ;
|   return 0;
| }
configure:21686: result: no
configure:21698: checking for netpbm/pam.h
configure:21698: gcc -c -g -O2  conftest.c >&5
conftest.c:54:10: fatal error: netpbm/pam.h: No such file or directory
   54 | #include <netpbm/pam.h>
      |          ^~~~~~~~~~~~~~
compilation terminated.
configure:21698: $? = 1
configure: failed program was:
| /* confdefs.h */
| #define PACKAGE_NAME "photoprint"
| #define PACKAGE_TARNAME "photoprint"
| #define PACKAGE_VERSION "0.4.2-pre2"
| #define PACKAGE_STRING "photoprint 0.4.2-pre2"
| #define PACKAGE_BUGREPORT "blackfive@fakenhamweb.co.uk"
| #define PACKAGE_URL ""
| #define PACKAGE "photoprint"
| #define VERSION "0.4.2-pre2"
| #define ENABLE_NLS 1
| #define HAVE_GETTEXT 1
| #define HAVE_DCGETTEXT 1
| #define HAVE_STDIO_H 1
| #define HAVE_STDLIB_H 1
| #define HAVE_STRING_H 1
| #define HAVE_INTTYPES_H 1
| #define HAVE_STDINT_H 1
| #define HAVE_STRINGS_H 1
| #define HAVE_SYS_STAT_H 1
| #define HAVE_SYS_TYPES_H 1
| #define HAVE_UNISTD_H 1
| #define STDC_HEADERS 1
| #define HAVE_DLFCN_H 1
| #define LT_OBJDIR ".libs/"
| /* end confdefs.h.  */
| #include <stddef.h>
| #ifdef HAVE_STDIO_H
| # include <stdio.h>
| #endif
| #ifdef HAVE_STDLIB_H
| # include <stdlib.h>
| #endif
| #ifdef HAVE_STRING_H
| # include <string.h>
| #endif
| #ifdef HAVE_INTTYPES_H
| # include <inttypes.h>
| #endif
| #ifdef HAVE_STDINT_H
| # include <stdint.h>
| #endif
| #ifdef HAVE_STRINGS_H
| # include <strings.h>
| #endif
| #ifdef HAVE_SYS_TYPES_H
| # include <sys/types.h>
| #endif
| #ifdef HAVE_SYS_STAT_H
| # include <sys/stat.h>
| #endif
| #ifdef HAVE_UNISTD_H
| # include <unistd.h>
| #endif
| #include <netpbm/pam.h>
configure:21698: result: no
configure:21706: checking for TIFFOpen in -ltiff
configure:21729: gcc -o conftest -g -O2   conftest.c -ltiff   >&5
configure:21729: $? = 0
configure:21739: result: yes
configure:21836: checking for jpeg_read_header in -ljpeg
configure:21859: gcc -o conftest -g -O2   conftest.c -ljpeg   >&5
configure:21859: $? = 0
configure:21869: result: yes
configure:21927: checking for pthread_attr_init in -lpthread
configure:21950: gcc -o conftest -g -O2   conftest.c -lpthread  -ljpeg  >&5
configure:21950: $? = 0
configure:21960: result: yes
configure:21970: checking for pthread_attr_init in -lpthreadGC2
configure:21993: gcc -o conftest -g -O2   conftest.c -lpthreadGC2  -lpthread -ljpeg  >&5
/usr/bin/ld: cannot find -lpthreadGC2: No such file or directory
collect2: error: ld returned 1 exit status
configure:21993: $? = 1
configure: failed program was:
| /* confdefs.h */
| #define PACKAGE_NAME "photoprint"
| #define PACKAGE_TARNAME "photoprint"
| #define PACKAGE_VERSION "0.4.2-pre2"
| #define PACKAGE_STRING "photoprint 0.4.2-pre2"
| #define PACKAGE_BUGREPORT "blackfive@fakenhamweb.co.uk"
| #define PACKAGE_URL ""
| #define PACKAGE "photoprint"
| #define VERSION "0.4.2-pre2"
| #define ENABLE_NLS 1
| #define HAVE_GETTEXT 1
| #define HAVE_DCGETTEXT 1
| #define HAVE_STDIO_H 1
| #define HAVE_STDLIB_H 1
| #define HAVE_STRING_H 1
| #define HAVE_INTTYPES_H 1
| #define HAVE_STDINT_H 1
| #define HAVE_STRINGS_H 1
| #define HAVE_SYS_STAT_H 1
| #define HAVE_SYS_TYPES_H 1
| #define HAVE_UNISTD_H 1
| #define STDC_HEADERS 1
| #define HAVE_DLFCN_H 1
| #define LT_OBJDIR ".libs/"
| #define HAVE_LIBJPEG 1
| #define HAVE_LIBPTHREAD 1
| /* end confdefs.h.  */
| 
| /* Override any GCC internal prototype to avoid an error.
|    Use char because int might match the return type of a GCC
|    builtin and then its argument prototype would still apply.  */
| char pthread_attr_init ();
| int
| main (void)
| {
| return pthread_attr_init ();
|   ;
|   return 0;
| }
configure:22003: result: no
configure:22014: checking for getopt_long in -lgnugetopt
configure:22037: gcc -o conftest -g -O2   conftest.c -lgnugetopt  -lpthread -ljpeg  >&5
/usr/bin/ld: cannot find -lgnugetopt: No such file or directory
collect2: error: ld returned 1 exit status
configure:22037: $? = 1
configure: failed program was:
| /* confdefs.h */
| #define PACKAGE_NAME "photoprint"
| #define PACKAGE_TARNAME "photoprint"
| #define PACKAGE_VERSION "0.4.2-pre2"
| #define PACKAGE_STRING "photoprint 0.4.2-pre2"
| #define PACKAGE_BUGREPORT "blackfive@fakenhamweb.co.uk"
| #define PACKAGE_URL ""
| #define PACKAGE "photoprint"
| #define VERSION "0.4.2-pre2"
| #define ENABLE_NLS 1
| #define HAVE_GETTEXT 1
| #define HAVE_DCGETTEXT 1
| #define HAVE_STDIO_H 1
| #define HAVE_STDLIB_H 1
| #define HAVE_STRING_H 1
| #define HAVE_INTTYPES_H 1
| #define HAVE_STDINT_H 1
| #define HAVE_STRINGS_H 1
| #define HAVE_SYS_STAT_H 1
| #define HAVE_SYS_TYPES_H 1
| #define HAVE_UNISTD_H 1
| #define STDC_HEADERS 1
| #define HAVE_DLFCN_H 1
| #define LT_OBJDIR ".libs/"
| #define HAVE_LIBJPEG 1
| #define HAVE_LIBPTHREAD 1
| /* end confdefs.h.  */
| 
| /* Override any GCC internal prototype to avoid an error.
|    Use char because int might match the return type of a GCC
|    builtin and then its argument prototype would still apply.  */
| char getopt_long ();
| int
| main (void)
| {
| return getopt_long ();
|   ;
|   return 0;
| }
configure:22047: result: no
configure:22056: checking for socket in -lsocket
configure:22079: gcc -o conftest -g -O2   conftest.c -lsocket  -lpthread -ljpeg  >&5
/usr/bin/ld: cannot find -lsocket: No such file or directory
collect2: error: ld returned 1 exit status
configure:22079: $? = 1
configure: failed program was:
| /* confdefs.h */
| #define PACKAGE_NAME "photoprint"
| #define PACKAGE_TARNAME "photoprint"
| #define PACKAGE_VERSION "0.4.2-pre2"
| #define PACKAGE_STRING "photoprint 0.4.2-pre2"
| #define PACKAGE_BUGREPORT "blackfive@fakenhamweb.co.uk"
| #define PACKAGE_URL ""
| #define PACKAGE "photoprint"
| #define VERSION "0.4.2-pre2"
| #define ENABLE_NLS 1
| #define HAVE_GETTEXT 1
| #define HAVE_DCGETTEXT 1
| #define HAVE_STDIO_H 1
| #define HAVE_STDLIB_H 1
| #define HAVE_STRING_H 1
| #define HAVE_INTTYPES_H 1
| #define HAVE_STDINT_H 1
| #define HAVE_STRINGS_H 1
| #define HAVE_SYS_STAT_H 1
| #define HAVE_SYS_TYPES_H 1
| #define HAVE_UNISTD_H 1
| #define STDC_HEADERS 1
| #define HAVE_DLFCN_H 1
| #define LT_OBJDIR ".libs/"
| #define HAVE_LIBJPEG 1
| #define HAVE_LIBPTHREAD 1
| /* end confdefs.h.  */
| 
| /* Override any GCC internal prototype to avoid an error.
|    Use char because int might match the return type of a GCC
|    builtin and then its argument prototype would still apply.  */
| char socket ();
| int
| main (void)
| {
| return socket ();
|   ;
|   return 0;
| }
configure:22089: result: no
configure:22100: checking for gethostbyaddr in -lnsl
configure:22123: gcc -o conftest -g -O2   conftest.c -lnsl  -lpthread -ljpeg  >&5
/usr/bin/ld: cannot find -lnsl: No such file or directory
collect2: error: ld returned 1 exit status
configure:22123: $? = 1
configure: failed program was:
| /* confdefs.h */
| #define PACKAGE_NAME "photoprint"
| #define PACKAGE_TARNAME "photoprint"
| #define PACKAGE_VERSION "0.4.2-pre2"
| #define PACKAGE_STRING "photoprint 0.4.2-pre2"
| #define PACKAGE_BUGREPORT "blackfive@fakenhamweb.co.uk"
| #define PACKAGE_URL ""
| #define PACKAGE "photoprint"
| #define VERSION "0.4.2-pre2"
| #define ENABLE_NLS 1
| #define HAVE_GETTEXT 1
| #define HAVE_DCGETTEXT 1
| #define HAVE_STDIO_H 1
| #define HAVE_STDLIB_H 1
| #define HAVE_STRING_H 1
| #define HAVE_INTTYPES_H 1
| #define HAVE_STDINT_H 1
| #define HAVE_STRINGS_H 1
| #define HAVE_SYS_STAT_H 1
| #define HAVE_SYS_TYPES_H 1
| #define HAVE_UNISTD_H 1
| #define STDC_HEADERS 1
| #define HAVE_DLFCN_H 1
| #define LT_OBJDIR ".libs/"
| #define HAVE_LIBJPEG 1
| #define HAVE_LIBPTHREAD 1
| /* end confdefs.h.  */
| 
| /* Override any GCC internal prototype to avoid an error.
|    Use char because int might match the return type of a GCC
|    builtin and then its argument prototype would still apply.  */
| char gethostbyaddr ();
| int
| main (void)
| {
| return gethostbyaddr ();
|   ;
|   return 0;
| }
configure:22133: result: no
configure:22145: checking for httpConnect in -lcups
configure:22168: gcc -o conftest -g -O2   conftest.c -lcups  -lpthread -ljpeg  >&5
/usr/bin/ld: cannot find -lcups: No such file or directory
collect2: error: ld returned 1 exit status
configure:22168: $? = 1
configure: failed program was:
| /* confdefs.h */
| #define PACKAGE_NAME "photoprint"
| #define PACKAGE_TARNAME "photoprint"
| #define PACKAGE_VERSION "0.4.2-pre2"
| #define PACKAGE_STRING "photoprint 0.4.2-pre2"
| #define PACKAGE_BUGREPORT "blackfive@fakenhamweb.co.uk"
| #define PACKAGE_URL ""
| #define PACKAGE "photoprint"
| #define VERSION "0.4.2-pre2"
| #define ENABLE_NLS 1
| #define HAVE_GETTEXT 1
| #define HAVE_DCGETTEXT 1
| #define HAVE_STDIO_H 1
| #define HAVE_STDLIB_H 1
| #define HAVE_STRING_H 1
| #define HAVE_INTTYPES_H 1
| #define HAVE_STDINT_H 1
| #define HAVE_STRINGS_H 1
| #define HAVE_SYS_STAT_H 1
| #define HAVE_SYS_TYPES_H 1
| #define HAVE_UNISTD_H 1
| #define STDC_HEADERS 1
| #define HAVE_DLFCN_H 1
| #define LT_OBJDIR ".libs/"
| #define HAVE_LIBJPEG 1
| #define HAVE_LIBPTHREAD 1
| /* end confdefs.h.  */
| 
| /* Override any GCC internal prototype to avoid an error.
|    Use char because int might match the return type of a GCC
|    builtin and then its argument prototype would still apply.  */
| char httpConnect ();
| int
| main (void)
| {
| return httpConnect ();
|   ;
|   return 0;
| }
configure:22178: result: no
configure:22193: checking for egrep
configure:22261: result: /usr/bin/grep -E
configure:22267: checking for fcntl.h
configure:22267: gcc -c -g -O2  conftest.c >&5
configure:22267: $? = 0
configure:22267: result: yes
configure:22273: checking for stdlib.h
configure:22273: result: yes
configure:22279: checking for string.h
configure:22279: result: yes
configure:22285: checking for unistd.h
configure:22285: result: yes
configure:22295: checking for _Bool
configure:22295: gcc -c -g -O2  conftest.c >&5
configure:22295: $? = 0
configure:22295: gcc -c -g -O2  conftest.c >&5
conftest.c: In function 'main':
conftest.c:63:20: error: expected expression before ')' token
   63 | if (sizeof ((_Bool)))
      |                    ^
configure:22295: $? = 1
configure: failed program was:
| /* confdefs.h */
| #define PACKAGE_NAME "photoprint"
| #define PACKAGE_TARNAME "photoprint"
| #define PACKAGE_VERSION "0.4.2-pre2"
| #define PACKAGE_STRING "photoprint 0.4.2-pre2"
| #define PACKAGE_BUGREPORT "blackfive@fakenhamweb.co.uk"
| #define PACKAGE_URL ""
| #define PACKAGE "photoprint"
| #define VERSION "0.4.2-pre2"
| #define ENABLE_NLS 1
| #define HAVE_GETTEXT 1
| #define HAVE_DCGETTEXT 1
| #define HAVE_STDIO_H 1
| #define HAVE_STDLIB_H 1
| #define HAVE_STRING_H 1
| #define HAVE_INTTYPES_H 1
| #define HAVE_STDINT_H 1
| #define HAVE_STRINGS_H 1
| #define HAVE_SYS_STAT_H 1
| #define HAVE_SYS_TYPES_H 1
| #define HAVE_UNISTD_H 1
| #define STDC_HEADERS 1
| #define HAVE_DLFCN_H 1
| #define LT_OBJDIR ".libs/"
| #define HAVE_LIBJPEG 1
| #define HAVE_LIBPTHREAD 1
| #define HAVE_FCNTL_H 1
| #define HAVE_STDLIB_H 1
| #define HAVE_STRING_H 1
| #define HAVE_UNISTD_H 1
| /* end confdefs.h.  */
| #include <stddef.h>
| #ifdef HAVE_STDIO_H
| # include <stdio.h>
| #endif
| #ifdef HAVE_STDLIB_H
| # include <stdlib.h>
| #endif
| #ifdef HAVE_STRING_H
| # include <string.h>
| #endif
| #ifdef HAVE_INTTYPES_H
| # include <inttypes.h>
| #endif
| #ifdef HAVE_STDINT_H
| # include <stdint.h>
| #endif
| #ifdef HAVE_STRINGS_H
| # include <strings.h>
| #endif
| #ifdef HAVE_SYS_TYPES_H
| # include <sys/types.h>
| #endif
| #ifdef HAVE_SYS_STAT_H
| # include <sys/stat.h>
| #endif
| #ifdef HAVE_UNISTD_H
| # include <unistd.h>
| #endif
| int
| main (void)
| {
| if (sizeof ((_Bool)))
| 	    return 0;
|   ;
|   return 0;
| }
configure:22295: result: yes
configure:22304: checking for stdbool.h that conforms to C99
configure:22420: gcc -c -g -O2  conftest.c >&5
configure:22420: $? = 0
configure:22428: result: yes
configure:22437: checking for an ANSI C-conforming const
configure:22504: gcc -c -g -O2  conftest.c >&5
configure:22504: $? = 0
configure:22512: result: yes
configure:22520: checking for size_t
configure:22520: gcc -c -g -O2  conftest.c >&5
configure:22520: $? = 0
configure:22520: gcc -c -g -O2  conftest.c >&5
conftest.c: In function 'main':
conftest.c:65:21: error: expected expression before ')' token
   65 | if (sizeof ((size_t)))
      |                     ^
configure:22520: $? = 1
configure: failed program was:
| /* confdefs.h */
| #define PACKAGE_NAME "photoprint"
| #define PACKAGE_TARNAME "photoprint"
| #define PACKAGE_VERSION "0.4.2-pre2"
| #define PACKAGE_STRING "photoprint 0.4.2-pre2"
| #define PACKAGE_BUGREPORT "blackfive@fakenhamweb.co.uk"
| #define PACKAGE_URL ""
| #define PACKAGE "photoprint"
| #define VERSION "0.4.2-pre2"
| #define ENABLE_NLS 1
| #define HAVE_GETTEXT 1
| #define HAVE_DCGETTEXT 1
| #define HAVE_STDIO_H 1
| #define HAVE_STDLIB_H 1
| #define HAVE_STRING_H 1
| #define HAVE_INTTYPES_H 1
| #define HAVE_STDINT_H 1
| #define HAVE_STRINGS_H 1
| #define HAVE_SYS_STAT_H 1
| #define HAVE_SYS_TYPES_H 1
| #define HAVE_UNISTD_H 1
| #define STDC_HEADERS 1
| #define HAVE_DLFCN_H 1
| #define LT_OBJDIR ".libs/"
| #define HAVE_LIBJPEG 1
| #define HAVE_LIBPTHREAD 1
| #define HAVE_FCNTL_H 1
| #define HAVE_STDLIB_H 1
| #define HAVE_STRING_H 1
| #define HAVE_UNISTD_H 1
| #define HAVE__BOOL 1
| #define HAVE_STDBOOL_H 1
| /* end confdefs.h.  */
| #include <stddef.h>
| #ifdef HAVE_STDIO_H
| # include <stdio.h>
| #endif
| #ifdef HAVE_STDLIB_H
| # include <stdlib.h>
| #endif
| #ifdef HAVE_STRING_H
| # include <string.h>
| #endif
| #ifdef HAVE_INTTYPES_H
| # include <inttypes.h>
| #endif
| #ifdef HAVE_STDINT_H
| # include <stdint.h>
| #endif
| #ifdef HAVE_STRINGS_H
| # include <strings.h>
| #endif
| #ifdef HAVE_SYS_TYPES_H
| # include <sys/types.h>
| #endif
| #ifdef HAVE_SYS_STAT_H
| # include <sys/stat.h>
| #endif
| #ifdef HAVE_UNISTD_H
| # include <unistd.h>
| #endif
| int
| main (void)
| {
| if (sizeof ((size_t)))
| 	    return 0;
|   ;
|   return 0;
| }
configure:22520: result: yes
configure:22532: checking for GNU libc compatible malloc
configure:22564: gcc -o conftest -g -O2   conftest.c -lpthread -ljpeg  >&5
configure:22564: $? = 0
configure:22564: ./conftest
configure:22564: $? = 0
configure:22575: result: yes
configure:22597: checking whether lstat correctly handles trailing slash
configure:22630: gcc -o conftest -g -O2   conftest.c -lpthread -ljpeg  >&5
configure:22630: $? = 0
configure:22630: ./conftest
configure:22630: $? = 0
configure:22648: result: yes
configure:22665: checking whether stat accepts an empty string
configure:22687: gcc -o conftest -g -O2   conftest.c -lpthread -ljpeg  >&5
configure:22687: $? = 0
configure:22687: ./conftest
configure:22687: $? = 0
configure:22698: result: no
configure:22712: checking for memset
configure:22712: gcc -o conftest -g -O2   conftest.c -lpthread -ljpeg  >&5
conftest.c:52:6: warning: conflicting types for built-in function 'memset'; expected 'void *(void *, int,  long unsigned int)' [-Wbuiltin-declaration-mismatch]
   52 | char memset ();
      |      ^~~~~~
conftest.c:44:1: note: 'memset' is declared in header '<string.h>'
   43 | #include <limits.h>
   44 | #undef memset
configure:22712: $? = 0
configure:22712: result: yes
configure:22718: checking for mkdir
configure:22718: gcc -o conftest -g -O2   conftest.c -lpthread -ljpeg  >&5
configure:22718: $? = 0
configure:22718: result: yes
configure:22724: checking for strcasecmp
configure:22724: gcc -o conftest -g -O2   conftest.c -lpthread -ljpeg  >&5
conftest.c:54:6: warning: conflicting types for built-in function 'strcasecmp'; expected 'int(const char *, const char *)' [-Wbuiltin-declaration-mismatch]
   54 | char strcasecmp ();
      |      ^~~~~~~~~~
configure:22724: $? = 0
configure:22724: result: yes
configure:22730: checking for strdup
configure:22730: gcc -o conftest -g -O2   conftest.c -lpthread -ljpeg  >&5
conftest.c:55:6: warning: conflicting types for built-in function 'strdup'; expected 'char *(const char *)' [-Wbuiltin-declaration-mismatch]
   55 | char strdup ();
      |      ^~~~~~
configure:22730: $? = 0
configure:22730: result: yes
configure:22736: checking for strncasecmp
configure:22736: gcc -o conftest -g -O2   conftest.c -lpthread -ljpeg  >&5
conftest.c:56:6: warning: conflicting types for built-in function 'strncasecmp'; expected 'int(const char *, const char *, long unsigned int)' [-Wbuiltin-declaration-mismatch]
   56 | char strncasecmp ();
      |      ^~~~~~~~~~~
configure:22736: $? = 0
configure:22736: result: yes
configure:22846: checking that generated files are newer than configure
configure:22852: result: done
configure:22883: creating ./config.status

## ---------------------- ##
## Running config.status. ##
## ---------------------- ##

This file was extended by photoprint config.status 0.4.2-pre2, which was
generated by GNU Autoconf 2.71.  Invocation command line was

  CONFIG_FILES    = 
  CONFIG_HEADERS  = 
  CONFIG_LINKS    = 
  CONFIG_COMMANDS = 
  $ ./config.status 

on channel-System-Product-Name

config.status:1226: creating Makefile
config.status:1226: creating po/Makefile.in
config.status:1226: creating imagesource/Makefile
config.status:1226: creating imageutils/Makefile
config.status:1226: creating miscwidgets/Makefile
config.status:1226: creating support/Makefile
config.status:1226: creating profilemanager/Makefile
config.status:1226: creating pixbufthumbnail/Makefile
config.status:1226: creating effects/Makefile
config.status:1226: creating stpui_widgets/Makefile
config.status:1226: creating stp_support/Makefile
config.status:1226: creating gp_cppsupport/Makefile
config.status:1226: creating splashscreen/Makefile
config.status:1226: creating shortcuts/Makefile
config.status:1226: creating borders/Makefile
config.status:1226: creating config.h
config.status:1407: config.h is unchanged
config.status:1455: executing po-directories commands
config.status:1455: executing depfiles commands
config.status:1643: cd .       && sed -e '/# am--include-marker/d' Makefile         | make -f - am--depfiles
make: Nothing to be done for 'am--depfiles'.
config.status:1648: $? = 0
config.status:1643: cd imagesource       && sed -e '/# am--include-marker/d' Makefile         | make -f - am--depfiles
make: Nothing to be done for 'am--depfiles'.
config.status:1648: $? = 0
config.status:1643: cd imageutils       && sed -e '/# am--include-marker/d' Makefile         | make -f - am--depfiles
make: Nothing to be done for 'am--depfiles'.
config.status:1648: $? = 0
config.status:1643: cd miscwidgets       && sed -e '/# am--include-marker/d' Makefile         | make -f - am--depfiles
make: Nothing to be done for 'am--depfiles'.
config.status:1648: $? = 0
config.status:1643: cd support       && sed -e '/# am--include-marker/d' Makefile         | make -f - am--depfiles
make: Nothing to be done for 'am--depfiles'.
config.status:1648: $? = 0
config.status:1643: cd profilemanager       && sed -e '/# am--include-marker/d' Makefile         | make -f - am--depfiles
make: Nothing to be done for 'am--depfiles'.
config.status:1648: $? = 0
config.status:1643: cd pixbufthumbnail       && sed -e '/# am--include-marker/d' Makefile         | make -f - am--depfiles
make: Nothing to be done for 'am--depfiles'.
config.status:1648: $? = 0
config.status:1643: cd effects       && sed -e '/# am--include-marker/d' Makefile         | make -f - am--depfiles
make: Nothing to be done for 'am--depfiles'.
config.status:1648: $? = 0
config.status:1643: cd stpui_widgets       && sed -e '/# am--include-marker/d' Makefile         | make -f - am--depfiles
make: Nothing to be done for 'am--depfiles'.
config.status:1648: $? = 0
config.status:1643: cd stp_support       && sed -e '/# am--include-marker/d' Makefile         | make -f - am--depfiles
make: Nothing to be done for 'am--depfiles'.
config.status:1648: $? = 0
config.status:1643: cd gp_cppsupport       && sed -e '/# am--include-marker/d' Makefile         | make -f - am--depfiles
make: Nothing to be done for 'am--depfiles'.
config.status:1648: $? = 0
config.status:1643: cd splashscreen       && sed -e '/# am--include-marker/d' Makefile         | make -f - am--depfiles
make: Nothing to be done for 'am--depfiles'.
config.status:1648: $? = 0
config.status:1455: executing libtool commands

## ---------------- ##
## Cache variables. ##
## ---------------- ##

ac_cv_build=x86_64-pc-linux-gnu
ac_cv_c_compiler_gnu=yes
ac_cv_c_const=yes
ac_cv_cxx_compiler_gnu=yes
ac_cv_env_CCC_set=
ac_cv_env_CCC_value=
ac_cv_env_CC_set=
ac_cv_env_CC_value=
ac_cv_env_CFLAGS_set=
ac_cv_env_CFLAGS_value=
ac_cv_env_CPPFLAGS_set=
ac_cv_env_CPPFLAGS_value=
ac_cv_env_CPP_set=
ac_cv_env_CPP_value=
ac_cv_env_CXXCPP_set=
ac_cv_env_CXXCPP_value=
ac_cv_env_CXXFLAGS_set=
ac_cv_env_CXXFLAGS_value=
ac_cv_env_CXX_set=
ac_cv_env_CXX_value=
ac_cv_env_GDKPIXBUF2_CFLAGS_set=
ac_cv_env_GDKPIXBUF2_CFLAGS_value=
ac_cv_env_GDKPIXBUF2_LIBS_set=
ac_cv_env_GDKPIXBUF2_LIBS_value=
ac_cv_env_GLIB2_CFLAGS_set=
ac_cv_env_GLIB2_CFLAGS_value=
ac_cv_env_GLIB2_LIBS_set=
ac_cv_env_GLIB2_LIBS_value=
ac_cv_env_GP_CFLAGS_set=
ac_cv_env_GP_CFLAGS_value=
ac_cv_env_GP_LIBS_set=
ac_cv_env_GP_LIBS_value=
ac_cv_env_GTHREAD_CFLAGS_set=
ac_cv_env_GTHREAD_CFLAGS_value=
ac_cv_env_GTHREAD_LIBS_set=
ac_cv_env_GTHREAD_LIBS_value=
ac_cv_env_GTK2_CFLAGS_set=
ac_cv_env_GTK2_CFLAGS_value=
ac_cv_env_GTK2_LIBS_set=
ac_cv_env_GTK2_LIBS_value=
ac_cv_env_LCMS_CFLAGS_set=
ac_cv_env_LCMS_CFLAGS_value=
ac_cv_env_LCMS_LIBS_set=
ac_cv_env_LCMS_LIBS_value=
ac_cv_env_LDFLAGS_set=
ac_cv_env_LDFLAGS_value=
ac_cv_env_LIBS_set=
ac_cv_env_LIBS_value=
ac_cv_env_LT_SYS_LIBRARY_PATH_set=
ac_cv_env_LT_SYS_LIBRARY_PATH_value=
ac_cv_env_PKG_CONFIG_LIBDIR_set=
ac_cv_env_PKG_CONFIG_LIBDIR_value=
ac_cv_env_PKG_CONFIG_PATH_set=
ac_cv_env_PKG_CONFIG_PATH_value=
ac_cv_env_PKG_CONFIG_set=
ac_cv_env_PKG_CONFIG_value=
ac_cv_env_build_alias_set=
ac_cv_env_build_alias_value=
ac_cv_env_host_alias_set=
ac_cv_env_host_alias_value=
ac_cv_env_target_alias_set=
ac_cv_env_target_alias_value=
ac_cv_func_lstat_dereferences_slashed_symlink=yes
ac_cv_func_malloc_0_nonnull=yes
ac_cv_func_memset=yes
ac_cv_func_mkdir=yes
ac_cv_func_stat_empty_string_bug=no
ac_cv_func_strcasecmp=yes
ac_cv_func_strdup=yes
ac_cv_func_strncasecmp=yes
ac_cv_header_dlfcn_h=yes
ac_cv_header_fcntl_h=yes
ac_cv_header_inttypes_h=yes
ac_cv_header_netpbm_pam_h=no
ac_cv_header_stdbool_h=yes
ac_cv_header_stdint_h=yes
ac_cv_header_stdio_h=yes
ac_cv_header_stdlib_h=yes
ac_cv_header_string_h=yes
ac_cv_header_strings_h=yes
ac_cv_header_sys_stat_h=yes
ac_cv_header_sys_types_h=yes
ac_cv_header_unistd_h=yes
ac_cv_host=x86_64-pc-linux-gnu
ac_cv_lib_cups_httpConnect=no
ac_cv_lib_gnugetopt_getopt_long=no
ac_cv_lib_jpeg_jpeg_read_header=yes
ac_cv_lib_m_pow=yes
ac_cv_lib_netpbm_pnm_readpaminit=no
ac_cv_lib_nsl_gethostbyaddr=no
ac_cv_lib_pnm_pnm_readpaminit=no
ac_cv_lib_pthreadGC2_pthread_attr_init=no
ac_cv_lib_pthread_pthread_attr_init=yes
ac_cv_lib_socket_socket=no
ac_cv_lib_tiff_TIFFOpen=yes
ac_cv_objext=o
ac_cv_path_EGREP='/usr/bin/grep -E'
ac_cv_path_FGREP='/usr/bin/grep -F'
ac_cv_path_GMSGFMT=/usr/bin/msgfmt
ac_cv_path_GREP=/usr/bin/grep
ac_cv_path_MSGFMT=/usr/bin/msgfmt
ac_cv_path_MSGMERGE=/usr/bin/msgmerge
ac_cv_path_SED=/usr/bin/sed
ac_cv_path_XGETTEXT=/usr/bin/xgettext
ac_cv_path_ac_pt_PKG_CONFIG=/usr/bin/pkg-config
ac_cv_path_install='/usr/bin/install -c'
ac_cv_path_lt_DD=/usr/bin/dd
ac_cv_path_mkdir=/usr/bin/mkdir
ac_cv_prog_AWK=gawk
ac_cv_prog_CPP='gcc -E'
ac_cv_prog_CXXCPP='g++ -E'
ac_cv_prog_ac_ct_AR=ar
ac_cv_prog_ac_ct_CC=gcc
ac_cv_prog_ac_ct_CXX=g++
ac_cv_prog_ac_ct_FILECMD=file
ac_cv_prog_ac_ct_MANIFEST_TOOL=mt
ac_cv_prog_ac_ct_OBJDUMP=objdump
ac_cv_prog_ac_ct_RANLIB=ranlib
ac_cv_prog_ac_ct_STRIP=strip
ac_cv_prog_cc_c11=
ac_cv_prog_cc_g=yes
ac_cv_prog_cc_stdc=
ac_cv_prog_cxx_cxx11=
ac_cv_prog_cxx_g=yes
ac_cv_prog_cxx_stdcxx=
ac_cv_prog_make_make_set=yes
ac_cv_type__Bool=yes
ac_cv_type_size_t=yes
acl_cv_hardcode_direct=no
acl_cv_hardcode_libdir_flag_spec='${wl}-rpath ${wl}$libdir'
acl_cv_hardcode_libdir_separator=
acl_cv_hardcode_minus_L=no
acl_cv_libdirstems=lib,lib,lib64
acl_cv_libext=a
acl_cv_libname_spec='lib$name'
acl_cv_library_names_spec='$libname$shrext'
acl_cv_path_LD=/usr/bin/ld
acl_cv_prog_gnu_ld=yes
acl_cv_rpath=done
acl_cv_shlibext=so
acl_cv_wl=-Wl,
am_cv_CC_dependencies_compiler_type=gcc3
am_cv_CXX_dependencies_compiler_type=gcc3
am_cv_make_support_nested_variables=yes
am_cv_prog_cc_c_o=yes
gl_cv_elf=yes
gl_cv_host_cpu_c_abi_32bit=no
gt_cv_func_CFLocaleCopyPreferredLanguages=no
gt_cv_func_CFPreferencesCopyAppValue=no
gt_cv_func_gnugettext1_libc=yes
lt_cv_ar_at_file=@
lt_cv_archive_cmds_need_lc=no
lt_cv_deplibs_check_method=pass_all
lt_cv_file_magic_cmd='$MAGIC_CMD'
lt_cv_file_magic_test_file=
lt_cv_ld_reload_flag=-r
lt_cv_nm_interface='BSD nm'
lt_cv_objdir=.libs
lt_cv_path_LD=/usr/bin/ld
lt_cv_path_LDCXX='/usr/bin/ld -m elf_x86_64'
lt_cv_path_NM='/usr/bin/nm -B'
lt_cv_path_mainfest_tool=no
lt_cv_prog_compiler_c_o=yes
lt_cv_prog_compiler_c_o_CXX=yes
lt_cv_prog_compiler_pic='-fPIC -DPIC'
lt_cv_prog_compiler_pic_CXX='-fPIC -DPIC'
lt_cv_prog_compiler_pic_works=yes
lt_cv_prog_compiler_pic_works_CXX=yes
lt_cv_prog_compiler_rtti_exceptions=no
lt_cv_prog_compiler_static_works=yes
lt_cv_prog_compiler_static_works_CXX=yes
lt_cv_prog_gnu_ld=yes
lt_cv_prog_gnu_ldcxx=yes
lt_cv_sharedlib_from_linklib_cmd='printf %s\n'
lt_cv_shlibpath_overrides_runpath=yes
lt_cv_sys_global_symbol_pipe='/usr/bin/sed -n -e '\''s/^.*[	 ]\([ABCDGIRSTW][ABCDGIRSTW]*\)[	 ][	 ]*\([_A-Za-z][_A-Za-z0-9]*\)$/\1 \2 \2/p'\'' | /usr/bin/sed '\''/ __gnu_lto/d'\'''
lt_cv_sys_global_symbol_to_c_name_address='/usr/bin/sed -n -e '\''s/^: \(.*\) .*$/  {"\1", (void *) 0},/p'\'' -e '\''s/^[ABCDGIRSTW][ABCDGIRSTW]* .* \(.*\)$/  {"\1", (void *) \&\1},/p'\'''
lt_cv_sys_global_symbol_to_c_name_address_lib_prefix='/usr/bin/sed -n -e '\''s/^: \(.*\) .*$/  {"\1", (void *) 0},/p'\'' -e '\''s/^[ABCDGIRSTW][ABCDGIRSTW]* .* \(lib.*\)$/  {"\1", (void *) \&\1},/p'\'' -e '\''s/^[ABCDGIRSTW][ABCDGIRSTW]* .* \(.*\)$/  {"lib\1", (void *) \&\1},/p'\'''
lt_cv_sys_global_symbol_to_cdecl='/usr/bin/sed -n -e '\''s/^T .* \(.*\)$/extern int \1();/p'\'' -e '\''s/^[ABCDGIRSTW][ABCDGIRSTW]* .* \(.*\)$/extern char \1;/p'\'''
lt_cv_sys_global_symbol_to_import=
lt_cv_sys_max_cmd_len=1572864
lt_cv_to_host_file_cmd=func_convert_file_noop
lt_cv_to_tool_file_cmd=func_convert_file_noop
lt_cv_truncate_bin='/usr/bin/dd bs=4096 count=1'
pkg_cv_GDKPIXBUF2_CFLAGS='-I/usr/include/gdk-pixbuf-2.0 -I/usr/include/glib-2.0 -I/usr/lib/x86_64-linux-gnu/glib-2.0/include -I/usr/include/libpng16 -I/usr/include/x86_64-linux-gnu -I/usr/include/webp -pthread -I/usr/include/libmount -I/usr/include/blkid '
pkg_cv_GDKPIXBUF2_LIBS='-lgdk_pixbuf-2.0 -lgobject-2.0 -lglib-2.0 '
pkg_cv_GLIB2_CFLAGS='-I/usr/include/glib-2.0 -I/usr/lib/x86_64-linux-gnu/glib-2.0/include '
pkg_cv_GLIB2_LIBS='-lglib-2.0 '
pkg_cv_GP_CFLAGS=
pkg_cv_GP_LIBS='-lgutenprint '
pkg_cv_GTHREAD_CFLAGS='-pthread -I/usr/include/glib-2.0 -I/usr/lib/x86_64-linux-gnu/glib-2.0/include '
pkg_cv_GTHREAD_LIBS='-lgthread-2.0 -pthread -lglib-2.0 '
pkg_cv_GTK2_CFLAGS='-I/usr/include/gtk-2.0 -I/usr/lib/x86_64-linux-gnu/gtk-2.0/include -I/usr/include/pango-1.0 -I/usr/include/glib-2.0 -I/usr/lib/x86_64-linux-gnu/glib-2.0/include -I/usr/include/harfbuzz -I/usr/include/freetype2 -I/usr/include/libpng16 -I/usr/include/libmount -I/usr/include/blkid -I/usr/include/fribidi -I/usr/include/cairo -I/usr/include/pixman-1 -I/usr/include/gdk-pixbuf-2.0 -I/usr/include/x86_64-linux-gnu -I/usr/include/webp -I/usr/include/atk-1.0 -pthread '
pkg_cv_GTK2_LIBS='-lgtk-x11-2.0 -lgdk-x11-2.0 -lpangocairo-1.0 -latk-1.0 -lcairo -lgdk_pixbuf-2.0 -lgio-2.0 -lpangoft2-1.0 -lpango-1.0 -lgobject-2.0 -lglib-2.0 -lharfbuzz -lfontconfig -lfreetype '
pkg_cv_LCMS_CFLAGS=
pkg_cv_LCMS_LIBS='-llcms2 '

## ----------------- ##
## Output variables. ##
## ----------------- ##

ACLOCAL='${SHELL} '\''/home/channel/photoprint-docker/photoprint-0.4.2-pre2/scripts/missing'\'' aclocal-1.16'
AMDEPBACKSLASH='\'
AMDEP_FALSE='#'
AMDEP_TRUE=''
AMTAR='$${TAR-tar}'
AM_BACKSLASH='\'
AM_DEFAULT_V='$(AM_DEFAULT_VERBOSITY)'
AM_DEFAULT_VERBOSITY='1'
AM_V='$(V)'
AR='ar'
AUTOCONF='${SHELL} '\''/home/channel/photoprint-docker/photoprint-0.4.2-pre2/scripts/missing'\'' autoconf'
AUTOHEADER='${SHELL} '\''/home/channel/photoprint-docker/photoprint-0.4.2-pre2/scripts/missing'\'' autoheader'
AUTOMAKE='${SHELL} '\''/home/channel/photoprint-docker/photoprint-0.4.2-pre2/scripts/missing'\'' automake-1.16'
AWK='gawk'
CC='gcc'
CCDEPMODE='depmode=gcc3'
CFLAGS='-g -O2'
CPP='gcc -E'
CPPFLAGS=''
CSCOPE='cscope'
CTAGS='ctags'
CXX='g++'
CXXCPP='g++ -E'
CXXDEPMODE='depmode=gcc3'
CXXFLAGS='-g -O2'
CYGPATH_W='echo'
DEFS='-DHAVE_CONFIG_H'
DEPDIR='.deps'
DLLTOOL='false'
DSYMUTIL=''
DUMPBIN=''
ECHO_C=''
ECHO_N='-n'
ECHO_T=''
EGREP='/usr/bin/grep -E'
ETAGS='etags'
EXEEXT=''
FGREP='/usr/bin/grep -F'
FILECMD='file'
GDKPIXBUF2_CFLAGS='-I/usr/include/gdk-pixbuf-2.0 -I/usr/include/glib-2.0 -I/usr/lib/x86_64-linux-gnu/glib-2.0/include -I/usr/include/libpng16 -I/usr/include/x86_64-linux-gnu -I/usr/include/webp -pthread -I/usr/include/libmount -I/usr/include/blkid '
GDKPIXBUF2_LIBS='-lgdk_pixbuf-2.0 -lgobject-2.0 -lglib-2.0 '
GETOPT_LIBS=''
GETTEXT_MACRO_VERSION='0.20'
GLIB2_CFLAGS='-I/usr/include/glib-2.0 -I/usr/lib/x86_64-linux-gnu/glib-2.0/include '
GLIB2_LIBS='-lglib-2.0 '
GMSGFMT='/usr/bin/msgfmt'
GMSGFMT_015='/usr/bin/msgfmt'
GP_CFLAGS=''
GP_LIBS='-lgutenprint '
GREP='/usr/bin/grep'
GTHREAD_CFLAGS='-pthread -I/usr/include/glib-2.0 -I/usr/lib/x86_64-linux-gnu/glib-2.0/include '
GTHREAD_LIBS='-lgthread-2.0 -pthread -lglib-2.0 '
GTK2_CFLAGS='-I/usr/include/gtk-2.0 -I/usr/lib/x86_64-linux-gnu/gtk-2.0/include -I/usr/include/pango-1.0 -I/usr/include/glib-2.0 -I/usr/lib/x86_64-linux-gnu/glib-2.0/include -I/usr/include/harfbuzz -I/usr/include/freetype2 -I/usr/include/libpng16 -I/usr/include/libmount -I/usr/include/blkid -I/usr/include/fribidi -I/usr/include/cairo -I/usr/include/pixman-1 -I/usr/include/gdk-pixbuf-2.0 -I/usr/include/x86_64-linux-gnu -I/usr/include/webp -I/usr/include/atk-1.0 -pthread '
GTK2_LIBS='-lgtk-x11-2.0 -lgdk-x11-2.0 -lpangocairo-1.0 -latk-1.0 -lcairo -lgdk_pixbuf-2.0 -lgio-2.0 -lpangoft2-1.0 -lpango-1.0 -lgobject-2.0 -lglib-2.0 -lharfbuzz -lfontconfig -lfreetype '
INSTALL_DATA='${INSTALL} -m 644'
INSTALL_PROGRAM='${INSTALL}'
INSTALL_SCRIPT='${INSTALL}'
INSTALL_STRIP_PROGRAM='$(install_sh) -c -s'
INTLLIBS=''
INTL_MACOSX_LIBS=''
JPEG_LIBS=''
LCMS_CFLAGS=''
LCMS_LIBS='-llcms2 '
LD='/usr/bin/ld -m elf_x86_64'
LDFLAGS=''
LIBICONV='-liconv'
LIBINTL=''
LIBM_LIBS='-lm'
LIBOBJS=''
LIBS='-lpthread -ljpeg '
LIBTOOL='$(SHELL) $(top_builddir)/libtool'
LIPO=''
LN_S='ln -s'
LTLIBICONV='-liconv'
LTLIBINTL=''
LTLIBOBJS=''
LT_SYS_LIBRARY_PATH=''
MAKEINFO='${SHELL} '\''/home/channel/photoprint-docker/photoprint-0.4.2-pre2/scripts/missing'\'' makeinfo'
MANIFEST_TOOL=':'
MKDIR_P='/usr/bin/mkdir -p'
MSGFMT='/usr/bin/msgfmt'
MSGMERGE='/usr/bin/msgmerge'
MSGMERGE_FOR_MSGFMT_OPTION='--for-msgfmt'
NM='/usr/bin/nm -B'
NMEDIT=''
OBJDUMP='objdump'
OBJEXT='o'
OTOOL64=''
OTOOL=''
PACKAGE='photoprint'
PACKAGE_BUGREPORT='blackfive@fakenhamweb.co.uk'
PACKAGE_NAME='photoprint'
PACKAGE_STRING='photoprint 0.4.2-pre2'
PACKAGE_TARNAME='photoprint'
PACKAGE_URL=''
PACKAGE_VERSION='0.4.2-pre2'
PATH_SEPARATOR=':'
PKG_CONFIG='/usr/bin/pkg-config'
PKG_CONFIG_LIBDIR=''
PKG_CONFIG_PATH=''
POSUB='po'
RANLIB='ranlib'
SED='/usr/bin/sed'
SET_MAKE=''
SHELL='/bin/bash'
STRIP='strip'
TIFF_LIBS='-ltiff'
USE_NLS='yes'
VERSION='0.4.2-pre2'
XGETTEXT='/usr/bin/xgettext'
XGETTEXT_015='/usr/bin/xgettext'
XGETTEXT_EXTRA_OPTIONS=''
ac_ct_AR='ar'
ac_ct_CC='gcc'
ac_ct_CXX='g++'
ac_ct_DUMPBIN=''
am__EXEEXT_FALSE=''
am__EXEEXT_TRUE='#'
am__fastdepCC_FALSE='#'
am__fastdepCC_TRUE=''
am__fastdepCXX_FALSE='#'
am__fastdepCXX_TRUE=''
am__include='include'
am__isrc=''
am__leading_dot='.'
am__nodep='_no'
am__quote=''
am__tar='$${TAR-tar} chof - "$$tardir"'
am__untar='$${TAR-tar} xf -'
bindir='${exec_prefix}/bin'
build='x86_64-pc-linux-gnu'
build_alias=''
build_cpu='x86_64'
build_os='linux-gnu'
build_vendor='pc'
datadir='${datarootdir}'
datarootdir='${prefix}/share'
docdir='${datarootdir}/doc/${PACKAGE_TARNAME}'
dvidir='${docdir}'
exec_prefix='${prefix}'
host='x86_64-pc-linux-gnu'
host_alias=''
host_cpu='x86_64'
host_os='linux-gnu'
host_vendor='pc'
htmldir='${docdir}'
includedir='${prefix}/include'
infodir='${datarootdir}/info'
install_sh='${SHELL} /home/channel/photoprint-docker/photoprint-0.4.2-pre2/scripts/install-sh'
libdir='${exec_prefix}/lib'
libexecdir='${exec_prefix}/libexec'
localedir='${datarootdir}/locale'
localstatedir='${prefix}/var'
mandir='${datarootdir}/man'
mkdir_p='$(MKDIR_P)'
oldincludedir='/usr/include'
pdfdir='${docdir}'
prefix='/usr/local'
program_transform_name='s,x,x,'
psdir='${docdir}'
runstatedir='${localstatedir}/run'
sbindir='${exec_prefix}/sbin'
sharedstatedir='${prefix}/com'
sysconfdir='${prefix}/etc'
target_alias=''

## ----------- ##
## confdefs.h. ##
## ----------- ##

/* confdefs.h */
#define PACKAGE_NAME "photoprint"
#define PACKAGE_TARNAME "photoprint"
#define PACKAGE_VERSION "0.4.2-pre2"
#define PACKAGE_STRING "photoprint 0.4.2-pre2"
#define PACKAGE_BUGREPORT "blackfive@fakenhamweb.co.uk"
#define PACKAGE_URL ""
#define PACKAGE "photoprint"
#define VERSION "0.4.2-pre2"
#define ENABLE_NLS 1
#define HAVE_GETTEXT 1
#define HAVE_DCGETTEXT 1
#define HAVE_STDIO_H 1
#define HAVE_STDLIB_H 1
#define HAVE_STRING_H 1
#define HAVE_INTTYPES_H 1
#define HAVE_STDINT_H 1
#define HAVE_STRINGS_H 1
#define HAVE_SYS_STAT_H 1
#define HAVE_SYS_TYPES_H 1
#define HAVE_UNISTD_H 1
#define STDC_HEADERS 1
#define HAVE_DLFCN_H 1
#define LT_OBJDIR ".libs/"
#define HAVE_LIBJPEG 1
#define HAVE_LIBPTHREAD 1
#define HAVE_FCNTL_H 1
#define HAVE_STDLIB_H 1
#define HAVE_STRING_H 1
#define HAVE_UNISTD_H 1
#define HAVE__BOOL 1
#define HAVE_STDBOOL_H 1
#define HAVE_MALLOC 1
#define LSTAT_FOLLOWS_SLASHED_SYMLINK 1
#define HAVE_MEMSET 1
#define HAVE_MKDIR 1
#define HAVE_STRCASECMP 1
#define HAVE_STRDUP 1
#define HAVE_STRNCASECMP 1

configure: exit 0
